Copyright 1986-2022 Xilinx, Inc. All Rights Reserved. Copyright 2022-2024 Advanced Micro Devices, Inc. All Rights Reserved.
---------------------------------------------------------------------------------------------------------------------------------------------
| Tool Version : Vivado v.2024.1 (lin64) Build 5076996 Wed May 22 18:36:09 MDT 2024
| Date         : Mon Dec  2 18:08:57 2024
| Host         : eecs-digital-28 running 64-bit Ubuntu 24.04.1 LTS
| Command      : report_timing_summary -file obj/post_place_timing_summary.rpt
| Design       : top_level
| Device       : 7s50-csga324
| Speed File   : -1  PRODUCTION 1.23 2018-06-13
| Design State : Fully Placed
---------------------------------------------------------------------------------------------------------------------------------------------

Timing Summary Report

------------------------------------------------------------------------------------------------
| Timer Settings
| --------------
------------------------------------------------------------------------------------------------

  Enable Multi Corner Analysis               :  Yes
  Enable Pessimism Removal                   :  Yes
  Pessimism Removal Resolution               :  Nearest Common Node
  Enable Input Delay Default Clock           :  No
  Enable Preset / Clear Arcs                 :  No
  Disable Flight Delays                      :  No
  Ignore I/O Paths                           :  No
  Timing Early Launch at Borrowing Latches   :  No
  Borrow Time for Max Delay Exceptions       :  Yes
  Merge Timing Exceptions                    :  Yes
  Inter-SLR Compensation                     :  Conservative

  Corner  Analyze    Analyze    
  Name    Max Paths  Min Paths  
  ------  ---------  ---------  
  Slow    Yes        Yes        
  Fast    Yes        Yes        


------------------------------------------------------------------------------------------------
| Report Methodology
| ------------------
------------------------------------------------------------------------------------------------

No report available as report_methodology has not been run prior. Run report_methodology on the current design for the summary of methodology violations.



check_timing report

Table of Contents
-----------------
1. checking no_clock (283)
2. checking constant_clock (0)
3. checking pulse_width_clock (0)
4. checking unconstrained_internal_endpoints (40)
5. checking no_input_delay (1)
6. checking no_output_delay (3)
7. checking multiple_clock (0)
8. checking generated_clocks (0)
9. checking loops (0)
10. checking partial_input_delay (0)
11. checking partial_output_delay (0)
12. checking latch_loops (0)

1. checking no_clock (283)
--------------------------
 There are 21 register/latch pins with no clock driven by root clock pin: sw[0] (HIGH)

 There are 3 register/latch pins with no clock driven by root clock pin: flattening_module/fifo_data_store_reg[17]/Q (HIGH)

 There are 3 register/latch pins with no clock driven by root clock pin: flattening_module/fifo_data_store_reg[18]/Q (HIGH)

 There are 3 register/latch pins with no clock driven by root clock pin: flattening_module/fifo_data_store_reg[19]/Q (HIGH)

 There are 3 register/latch pins with no clock driven by root clock pin: flattening_module/fifo_data_store_reg[22]/Q (HIGH)

 There are 3 register/latch pins with no clock driven by root clock pin: flattening_module/fifo_data_store_reg[23]/Q (HIGH)

 There are 3 register/latch pins with no clock driven by root clock pin: flattening_module/fifo_data_store_reg[24]/Q (HIGH)

 There are 3 register/latch pins with no clock driven by root clock pin: flattening_module/fifo_data_store_reg[25]/Q (HIGH)

 There are 3 register/latch pins with no clock driven by root clock pin: flattening_module/fifo_data_store_reg[26]/Q (HIGH)

 There are 3 register/latch pins with no clock driven by root clock pin: flattening_module/fifo_data_store_reg[27]/Q (HIGH)

 There are 3 register/latch pins with no clock driven by root clock pin: flattening_module/fifo_data_store_reg[28]/Q (HIGH)

 There are 19 register/latch pins with no clock driven by root clock pin: flattening_module/state_reg[0]/Q (HIGH)

 There are 3 register/latch pins with no clock driven by root clock pin: flattening_module/vcount_ray_reg[0]/Q (HIGH)

 There are 3 register/latch pins with no clock driven by root clock pin: flattening_module/vcount_ray_reg[1]/Q (HIGH)

 There are 3 register/latch pins with no clock driven by root clock pin: flattening_module/vcount_ray_reg[2]/Q (HIGH)

 There are 3 register/latch pins with no clock driven by root clock pin: flattening_module/vcount_ray_reg[3]/Q (HIGH)

 There are 3 register/latch pins with no clock driven by root clock pin: flattening_module/vcount_ray_reg[4]/Q (HIGH)

 There are 3 register/latch pins with no clock driven by root clock pin: flattening_module/vcount_ray_reg[5]/Q (HIGH)

 There are 3 register/latch pins with no clock driven by root clock pin: flattening_module/vcount_ray_reg[6]/Q (HIGH)

 There are 3 register/latch pins with no clock driven by root clock pin: flattening_module/vcount_ray_reg[7]/Q (HIGH)

 There are 21 register/latch pins with no clock driven by root clock pin: mvg/hcount_out_reg[10]/Q (HIGH)

 There are 21 register/latch pins with no clock driven by root clock pin: mvg/hcount_out_reg[8]/Q (HIGH)

 There are 21 register/latch pins with no clock driven by root clock pin: mvg/hcount_out_reg[9]/Q (HIGH)

 There are 21 register/latch pins with no clock driven by root clock pin: mvg/vcount_out_reg[4]/Q (HIGH)

 There are 21 register/latch pins with no clock driven by root clock pin: mvg/vcount_out_reg[5]/Q (HIGH)

 There are 21 register/latch pins with no clock driven by root clock pin: mvg/vcount_out_reg[6]/Q (HIGH)

 There are 21 register/latch pins with no clock driven by root clock pin: mvg/vcount_out_reg[7]/Q (HIGH)

 There are 21 register/latch pins with no clock driven by root clock pin: mvg/vcount_out_reg[8]/Q (HIGH)

 There are 21 register/latch pins with no clock driven by root clock pin: mvg/vcount_out_reg[9]/Q (HIGH)


2. checking constant_clock (0)
------------------------------
 There are 0 register/latch pins with constant_clock.


3. checking pulse_width_clock (0)
---------------------------------
 There are 0 register/latch pins which need pulse_width check


4. checking unconstrained_internal_endpoints (40)
-------------------------------------------------
 There are 40 pins that are not constrained for maximum delay. (HIGH)

 There are 0 pins that are not constrained for maximum delay due to constant clock.


5. checking no_input_delay (1)
------------------------------
 There is 1 input port with no input delay specified. (HIGH)

 There are 0 input ports with no input delay but user has a false path constraint.


6. checking no_output_delay (3)
-------------------------------
 There are 3 ports with no output delay specified. (HIGH)

 There are 0 ports with no output delay but user has a false path constraint

 There are 0 ports with no output delay but with a timing clock defined on it or propagating through it


7. checking multiple_clock (0)
------------------------------
 There are 0 register/latch pins with multiple clocks.


8. checking generated_clocks (0)
--------------------------------
 There are 0 generated clocks that are not connected to a clock source.


9. checking loops (0)
---------------------
 There are 0 combinational loops in the design.


10. checking partial_input_delay (0)
------------------------------------
 There are 0 input ports with partial input delay specified.


11. checking partial_output_delay (0)
-------------------------------------
 There are 0 ports with partial output delay specified.


12. checking latch_loops (0)
----------------------------
 There are 0 combinational latch loops in the design through latch input



------------------------------------------------------------------------------------------------
| Design Timing Summary
| ---------------------
------------------------------------------------------------------------------------------------

    WNS(ns)      TNS(ns)  TNS Failing Endpoints  TNS Total Endpoints      WHS(ns)      THS(ns)  THS Failing Endpoints  THS Total Endpoints     WPWS(ns)     TPWS(ns)  TPWS Failing Endpoints  TPWS Total Endpoints  
    -------      -------  ---------------------  -------------------      -------      -------  ---------------------  -------------------     --------     --------  ----------------------  --------------------  
      3.378        0.000                      0                 1370       -0.097       -0.221                      4                 1370        0.538        0.000                       0                   194  


Timing constraints are not met.


------------------------------------------------------------------------------------------------
| Clock Summary
| -------------
------------------------------------------------------------------------------------------------

Clock                  Waveform(ns)         Period(ns)      Frequency(MHz)
-----                  ------------         ----------      --------------
gclk                   {0.000 4.000}        10.000          100.000         
  clk_pixel_clk_wiz_0  {0.000 6.734}        13.468          74.250          
  clk_tmds_clk_wiz_0   {0.000 1.347}        2.694           371.250         
  clkfbout_clk_wiz_0   {0.000 25.000}       50.000          20.000          


------------------------------------------------------------------------------------------------
| Intra Clock Table
| -----------------
------------------------------------------------------------------------------------------------

Clock                      WNS(ns)      TNS(ns)  TNS Failing Endpoints  TNS Total Endpoints      WHS(ns)      THS(ns)  THS Failing Endpoints  THS Total Endpoints     WPWS(ns)     TPWS(ns)  TPWS Failing Endpoints  TPWS Total Endpoints  
-----                      -------      -------  ---------------------  -------------------      -------      -------  ---------------------  -------------------     --------     --------  ----------------------  --------------------  
gclk                                                                                                                                                                     2.000        0.000                       0                     1  
  clk_pixel_clk_wiz_0        3.378        0.000                      0                 1370       -0.097       -0.221                      4                 1370        6.234        0.000                       0                   182  
  clk_tmds_clk_wiz_0                                                                                                                                                     0.538        0.000                       0                     8  
  clkfbout_clk_wiz_0                                                                                                                                                    47.845        0.000                       0                     3  


------------------------------------------------------------------------------------------------
| Inter Clock Table
| -----------------
------------------------------------------------------------------------------------------------

From Clock    To Clock          WNS(ns)      TNS(ns)  TNS Failing Endpoints  TNS Total Endpoints      WHS(ns)      THS(ns)  THS Failing Endpoints  THS Total Endpoints  
----------    --------          -------      -------  ---------------------  -------------------      -------      -------  ---------------------  -------------------  


------------------------------------------------------------------------------------------------
| Other Path Groups Table
| -----------------------
------------------------------------------------------------------------------------------------

Path Group    From Clock    To Clock          WNS(ns)      TNS(ns)  TNS Failing Endpoints  TNS Total Endpoints      WHS(ns)      THS(ns)  THS Failing Endpoints  THS Total Endpoints  
----------    ----------    --------          -------      -------  ---------------------  -------------------      -------      -------  ---------------------  -------------------  


------------------------------------------------------------------------------------------------
| Timing Details
| --------------
------------------------------------------------------------------------------------------------


---------------------------------------------------------------------------------------------------
From Clock:  gclk
  To Clock:  gclk

Setup :           NA  Failing Endpoints,  Worst Slack           NA  ,  Total Violation           NA
Hold  :           NA  Failing Endpoints,  Worst Slack           NA  ,  Total Violation           NA
PW    :            0  Failing Endpoints,  Worst Slack        2.000ns,  Total Violation        0.000ns
---------------------------------------------------------------------------------------------------


Pulse Width Checks
--------------------------------------------------------------------------------------
Clock Name:         gclk
Waveform(ns):       { 0.000 4.000 }
Period(ns):         10.000
Sources:            { clk_100mhz }

Check Type        Corner  Lib Pin            Reference Pin  Required(ns)  Actual(ns)  Slack(ns)  Location         Pin
Min Period        n/a     MMCME2_ADV/CLKIN1  n/a            1.249         10.000      8.751      MMCME2_ADV_X0Y0  mhdmicw/mmcm_adv_inst/CLKIN1
Max Period        n/a     MMCME2_ADV/CLKIN1  n/a            100.000       10.000      90.000     MMCME2_ADV_X0Y0  mhdmicw/mmcm_adv_inst/CLKIN1
Low Pulse Width   Slow    MMCME2_ADV/CLKIN1  n/a            2.000         6.000       4.000      MMCME2_ADV_X0Y0  mhdmicw/mmcm_adv_inst/CLKIN1
High Pulse Width  Slow    MMCME2_ADV/CLKIN1  n/a            2.000         4.000       2.000      MMCME2_ADV_X0Y0  mhdmicw/mmcm_adv_inst/CLKIN1



---------------------------------------------------------------------------------------------------
From Clock:  clk_pixel_clk_wiz_0
  To Clock:  clk_pixel_clk_wiz_0

Setup :            0  Failing Endpoints,  Worst Slack        3.378ns,  Total Violation        0.000ns
Hold  :            4  Failing Endpoints,  Worst Slack       -0.097ns,  Total Violation       -0.221ns
PW    :            0  Failing Endpoints,  Worst Slack        6.234ns,  Total Violation        0.000ns
---------------------------------------------------------------------------------------------------


Max Delay Paths
--------------------------------------------------------------------------------------
Slack (MET) :             3.378ns  (required time - arrival time)
  Source:                 frame_buffer_module/framebuffer_1/BRAM_reg_0_11/CLKARDCLK
                            (rising edge-triggered cell RAMB36E1 clocked by clk_pixel_clk_wiz_0  {rise@0.000ns fall@6.734ns period=13.468ns})
  Destination:            tmds_red/tally_reg[4]/D
                            (rising edge-triggered cell FDRE clocked by clk_pixel_clk_wiz_0  {rise@0.000ns fall@6.734ns period=13.468ns})
  Path Group:             clk_pixel_clk_wiz_0
  Path Type:              Setup (Max at Slow Process Corner)
  Requirement:            13.468ns  (clk_pixel_clk_wiz_0 rise@13.468ns - clk_pixel_clk_wiz_0 rise@0.000ns)
  Data Path Delay:        9.693ns  (logic 2.533ns (26.132%)  route 7.160ns (73.868%))
  Logic Levels:           6  (LUT3=1 LUT4=1 LUT5=1 LUT6=2 RAMB36E1=1)
  Clock Path Skew:        -0.259ns (DCD - SCD + CPR)
    Destination Clock Delay (DCD):    -1.556ns = ( 11.912 - 13.468 ) 
    Source Clock Delay      (SCD):    -0.823ns
    Clock Pessimism Removal (CPR):    0.474ns
  Clock Uncertainty:      0.168ns  ((TSJ^2 + DJ^2)^1/2) / 2 + PE
    Total System Jitter     (TSJ):    0.071ns
    Discrete Jitter          (DJ):    0.329ns
    Phase Error              (PE):    0.000ns

    Location             Delay type                Incr(ns)  Path(ns)    Netlist Resource(s)
  -------------------------------------------------------------------    -------------------
                         (clock clk_pixel_clk_wiz_0 rise edge)
                                                      0.000     0.000 r  
    N15                                               0.000     0.000 r  clk_100mhz (IN)
                         net (fo=0)                   0.000     0.000    mhdmicw/clk_100mhz
    N15                  IBUF (Prop_ibuf_I_O)         1.440     1.440 r  mhdmicw/clkin1_ibufg/O
                         net (fo=1, estimated)        1.233     2.673    mhdmicw/clk_ref_clk_wiz_0
    MMCME2_ADV_X0Y0      MMCME2_ADV (Prop_mmcme2_adv_CLKIN1_CLKOUT0)
                                                     -7.025    -4.352 r  mhdmicw/mmcm_adv_inst/CLKOUT0
                         net (fo=1, estimated)        1.666    -2.686    mhdmicw/clk_pixel_clk_wiz_0
    BUFGCTRL_X0Y0        BUFG (Prop_bufg_I_O)         0.096    -2.590 r  mhdmicw/clkout1_buf/O
                         net (fo=182, estimated)      1.766    -0.823    frame_buffer_module/framebuffer_1/clk_pixel
    RAMB36_X0Y25         RAMB36E1                                     r  frame_buffer_module/framebuffer_1/BRAM_reg_0_11/CLKARDCLK
  -------------------------------------------------------------------    -------------------
    RAMB36_X0Y25         RAMB36E1 (Prop_ramb36e1_CLKARDCLK_CASCADEOUTA)
                                                      1.028     0.205 r  frame_buffer_module/framebuffer_1/BRAM_reg_0_11/CASCADEOUTA
                         net (fo=1, estimated)        0.065     0.270    frame_buffer_module/framebuffer_1/BRAM_reg_0_11_n_1
    RAMB36_X0Y26         RAMB36E1 (Prop_ramb36e1_CASCADEINA_DOADO[0])
                                                      0.425     0.695 f  frame_buffer_module/framebuffer_1/BRAM_reg_1_11/DOADO[0]
                         net (fo=4, estimated)        4.110     4.805    frame_buffer_module/framebuffer_1/ram_data[10]
    SLICE_X6Y27          LUT3 (Prop_lut3_I0_O)        0.150     4.955 f  frame_buffer_module/framebuffer_1/num_ones_reg[2]_i_9__0/O
                         net (fo=1, estimated)        0.595     5.550    mvg/num_ones_reg[2]_i_6
    SLICE_X6Y26          LUT5 (Prop_lut5_I0_O)        0.328     5.878 f  mvg/num_ones_reg[2]_i_3/O
                         net (fo=7, estimated)        0.482     6.360    frame_buffer_module/framebuffer_1/tmds_out_reg[7]
    SLICE_X6Y29          LUT6 (Prop_lut6_I4_O)        0.124     6.484 r  frame_buffer_module/framebuffer_1/num_ones_reg[2]_i_6/O
                         net (fo=22, estimated)       1.060     7.544    tmds_red/tally_reg[2]_0
    SLICE_X1Y26          LUT4 (Prop_lut4_I3_O)        0.152     7.696 r  tmds_red/tally[4]_i_4__1/O
                         net (fo=2, estimated)        0.848     8.544    tmds_red/tally[4]_i_4__1_n_1
    SLICE_X0Y26          LUT6 (Prop_lut6_I2_O)        0.326     8.870 r  tmds_red/tally[4]_i_1/O
                         net (fo=1, routed)           0.000     8.870    tmds_red/tally[4]_i_1_n_1
    SLICE_X0Y26          FDRE                                         r  tmds_red/tally_reg[4]/D
  -------------------------------------------------------------------    -------------------

                         (clock clk_pixel_clk_wiz_0 rise edge)
                                                     13.468    13.468 r  
    N15                                               0.000    13.468 r  clk_100mhz (IN)
                         net (fo=0)                   0.000    13.468    mhdmicw/clk_100mhz
    N15                  IBUF (Prop_ibuf_I_O)         1.370    14.838 r  mhdmicw/clkin1_ibufg/O
                         net (fo=1, estimated)        1.171    16.010    mhdmicw/clk_ref_clk_wiz_0
    MMCME2_ADV_X0Y0      MMCME2_ADV (Prop_mmcme2_adv_CLKIN1_CLKOUT0)
                                                     -7.279     8.731 r  mhdmicw/mmcm_adv_inst/CLKOUT0
                         net (fo=1, estimated)        1.583    10.314    mhdmicw/clk_pixel_clk_wiz_0
    BUFGCTRL_X0Y0        BUFG (Prop_bufg_I_O)         0.091    10.405 r  mhdmicw/clkout1_buf/O
                         net (fo=182, estimated)      1.507    11.912    tmds_red/clk_pixel
    SLICE_X0Y26          FDRE                                         r  tmds_red/tally_reg[4]/C
                         clock pessimism              0.474    12.385    
                         clock uncertainty           -0.168    12.217    
    SLICE_X0Y26          FDRE (Setup_fdre_C_D)        0.031    12.248    tmds_red/tally_reg[4]
  -------------------------------------------------------------------
                         required time                         12.248    
                         arrival time                          -8.870    
  -------------------------------------------------------------------
                         slack                                  3.378    





Min Delay Paths
--------------------------------------------------------------------------------------
Slack (VIOLATED) :        -0.097ns  (arrival time - required time)
  Source:                 red_ser/pwup_rst_reg/C
                            (rising edge-triggered cell FDRE clocked by clk_pixel_clk_wiz_0  {rise@0.000ns fall@6.734ns period=13.468ns})
  Destination:            red_ser/secondary/RST
                            (rising edge-triggered cell OSERDESE2 clocked by clk_pixel_clk_wiz_0  {rise@0.000ns fall@6.734ns period=13.468ns})
  Path Group:             clk_pixel_clk_wiz_0
  Path Type:              Hold (Min at Fast Process Corner)
  Requirement:            0.000ns  (clk_pixel_clk_wiz_0 rise@0.000ns - clk_pixel_clk_wiz_0 rise@0.000ns)
  Data Path Delay:        0.640ns  (logic 0.186ns (29.044%)  route 0.454ns (70.956%))
  Logic Levels:           1  (LUT2=1)
  Clock Path Skew:        0.178ns (DCD - SCD - CPR)
    Destination Clock Delay (DCD):    -0.692ns
    Source Clock Delay      (SCD):    -0.581ns
    Clock Pessimism Removal (CPR):    -0.289ns

    Location             Delay type                Incr(ns)  Path(ns)    Netlist Resource(s)
  -------------------------------------------------------------------    -------------------
                         (clock clk_pixel_clk_wiz_0 rise edge)
                                                      0.000     0.000 r  
    N15                                               0.000     0.000 r  clk_100mhz (IN)
                         net (fo=0)                   0.000     0.000    mhdmicw/clk_100mhz
    N15                  IBUF (Prop_ibuf_I_O)         0.209     0.209 r  mhdmicw/clkin1_ibufg/O
                         net (fo=1, estimated)        0.520     0.728    mhdmicw/clk_ref_clk_wiz_0
    MMCME2_ADV_X0Y0      MMCME2_ADV (Prop_mmcme2_adv_CLKIN1_CLKOUT0)
                                                     -2.621    -1.893 r  mhdmicw/mmcm_adv_inst/CLKOUT0
                         net (fo=1, estimated)        0.702    -1.191    mhdmicw/clk_pixel_clk_wiz_0
    BUFGCTRL_X0Y0        BUFG (Prop_bufg_I_O)         0.026    -1.165 r  mhdmicw/clkout1_buf/O
                         net (fo=182, estimated)      0.584    -0.581    red_ser/clk_pixel
    SLICE_X0Y23          FDRE                                         r  red_ser/pwup_rst_reg/C
  -------------------------------------------------------------------    -------------------
    SLICE_X0Y23          FDRE (Prop_fdre_C_Q)         0.141    -0.440 r  red_ser/pwup_rst_reg/Q
                         net (fo=1, estimated)        0.209    -0.231    red_ser/blue_ser/pwup_rst
    SLICE_X0Y23          LUT2 (Prop_lut2_I1_O)        0.045    -0.186 r  red_ser/primary_i_1/O
                         net (fo=6, estimated)        0.245     0.060    red_ser/RST0
    OLOGIC_X0Y23         OSERDESE2                                    r  red_ser/secondary/RST
  -------------------------------------------------------------------    -------------------

                         (clock clk_pixel_clk_wiz_0 rise edge)
                                                      0.000     0.000 r  
    N15                                               0.000     0.000 r  clk_100mhz (IN)
                         net (fo=0)                   0.000     0.000    mhdmicw/clk_100mhz
    N15                  IBUF (Prop_ibuf_I_O)         0.396     0.396 r  mhdmicw/clkin1_ibufg/O
                         net (fo=1, estimated)        0.547     0.943    mhdmicw/clk_ref_clk_wiz_0
    MMCME2_ADV_X0Y0      MMCME2_ADV (Prop_mmcme2_adv_CLKIN1_CLKOUT0)
                                                     -3.399    -2.456 r  mhdmicw/mmcm_adv_inst/CLKOUT0
                         net (fo=1, estimated)        0.739    -1.717    mhdmicw/clk_pixel_clk_wiz_0
    BUFGCTRL_X0Y0        BUFG (Prop_bufg_I_O)         0.029    -1.688 r  mhdmicw/clkout1_buf/O
                         net (fo=182, estimated)      0.996    -0.692    red_ser/clk_pixel
    OLOGIC_X0Y23         OSERDESE2                                    r  red_ser/secondary/CLKDIV
                         clock pessimism              0.289    -0.403    
    OLOGIC_X0Y23         OSERDESE2 (Hold_oserdese2_CLKDIV_RST)
                                                      0.559     0.156    red_ser/secondary
  -------------------------------------------------------------------
                         required time                         -0.156    
                         arrival time                           0.060    
  -------------------------------------------------------------------
                         slack                                 -0.097    





Pulse Width Checks
--------------------------------------------------------------------------------------
Clock Name:         clk_pixel_clk_wiz_0
Waveform(ns):       { 0.000 6.734 }
Period(ns):         13.468
Sources:            { mhdmicw/mmcm_adv_inst/CLKOUT0 }

Check Type        Corner  Lib Pin             Reference Pin  Required(ns)  Actual(ns)  Slack(ns)  Location         Pin
Min Period        n/a     RAMB18E1/CLKARDCLK  n/a            2.944         13.468      10.524     RAMB18_X0Y4      dda_out_fifo_emulator/BRAM_reg_0/CLKARDCLK
Max Period        n/a     MMCME2_ADV/CLKOUT0  n/a            213.360       13.468      199.892    MMCME2_ADV_X0Y0  mhdmicw/mmcm_adv_inst/CLKOUT0
Low Pulse Width   Slow    FDRE/C              n/a            0.500         6.734       6.234      SLICE_X13Y14     fifo_valid_pipe_reg[0]/C
High Pulse Width  Slow    FDRE/C              n/a            0.500         6.734       6.234      SLICE_X13Y14     fifo_valid_pipe_reg[0]/C



---------------------------------------------------------------------------------------------------
From Clock:  clk_tmds_clk_wiz_0
  To Clock:  clk_tmds_clk_wiz_0

Setup :           NA  Failing Endpoints,  Worst Slack           NA  ,  Total Violation           NA
Hold  :           NA  Failing Endpoints,  Worst Slack           NA  ,  Total Violation           NA
PW    :            0  Failing Endpoints,  Worst Slack        0.538ns,  Total Violation        0.000ns
---------------------------------------------------------------------------------------------------


Pulse Width Checks
--------------------------------------------------------------------------------------
Clock Name:         clk_tmds_clk_wiz_0
Waveform(ns):       { 0.000 1.347 }
Period(ns):         2.694
Sources:            { mhdmicw/mmcm_adv_inst/CLKOUT1 }

Check Type  Corner  Lib Pin             Reference Pin  Required(ns)  Actual(ns)  Slack(ns)  Location         Pin
Min Period  n/a     BUFG/I              n/a            2.155         2.694       0.538      BUFGCTRL_X0Y1    mhdmicw/clkout2_buf/I
Max Period  n/a     MMCME2_ADV/CLKOUT1  n/a            213.360       2.694       210.666    MMCME2_ADV_X0Y0  mhdmicw/mmcm_adv_inst/CLKOUT1



---------------------------------------------------------------------------------------------------
From Clock:  clkfbout_clk_wiz_0
  To Clock:  clkfbout_clk_wiz_0

Setup :           NA  Failing Endpoints,  Worst Slack           NA  ,  Total Violation           NA
Hold  :           NA  Failing Endpoints,  Worst Slack           NA  ,  Total Violation           NA
PW    :            0  Failing Endpoints,  Worst Slack       47.845ns,  Total Violation        0.000ns
---------------------------------------------------------------------------------------------------


Pulse Width Checks
--------------------------------------------------------------------------------------
Clock Name:         clkfbout_clk_wiz_0
Waveform(ns):       { 0.000 25.000 }
Period(ns):         50.000
Sources:            { mhdmicw/mmcm_adv_inst/CLKFBOUT }

Check Type  Corner  Lib Pin             Reference Pin  Required(ns)  Actual(ns)  Slack(ns)  Location         Pin
Min Period  n/a     BUFG/I              n/a            2.155         50.000      47.845     BUFGCTRL_X0Y3    mhdmicw/clkf_buf/I
Max Period  n/a     MMCME2_ADV/CLKFBIN  n/a            100.000       50.000      50.000     MMCME2_ADV_X0Y0  mhdmicw/mmcm_adv_inst/CLKFBIN



