Copyright 1986-2022 Xilinx, Inc. All Rights Reserved. Copyright 2022-2024 Advanced Micro Devices, Inc. All Rights Reserved.
---------------------------------------------------------------------------------------------------------------------------------------------
| Tool Version : Vivado v.2024.1 (lin64) Build 5076996 Wed May 22 18:36:09 MDT 2024
| Date         : Mon Nov 25 15:25:39 2024
| Host         : eecs-digital-09 running 64-bit Ubuntu 24.04.1 LTS
| Command      : report_timing -file obj/post_place_timing.rpt
| Design       : top_level
| Device       : 7s50-csga324
| Speed File   : -1  PRODUCTION 1.23 2018-06-13
| Design State : Fully Placed
---------------------------------------------------------------------------------------------------------------------------------------------

Timing Report

Slack (MET) :             4.217ns  (required time - arrival time)
  Source:                 frame_buffer_testing_module/framebuffer_1/BRAM_reg_0_5/CLKARDCLK
                            (rising edge-triggered cell RAMB36E1 clocked by clk_pixel_clk_wiz_0  {rise@0.000ns fall@6.734ns period=13.468ns})
  Destination:            tmds_green/tmds_out_reg[9]/D
                            (rising edge-triggered cell FDRE clocked by clk_pixel_clk_wiz_0  {rise@0.000ns fall@6.734ns period=13.468ns})
  Path Group:             clk_pixel_clk_wiz_0
  Path Type:              Setup (Max at Slow Process Corner)
  Requirement:            13.468ns  (clk_pixel_clk_wiz_0 rise@13.468ns - clk_pixel_clk_wiz_0 rise@0.000ns)
  Data Path Delay:        9.019ns  (logic 2.721ns (30.170%)  route 6.298ns (69.830%))
  Logic Levels:           6  (LUT2=1 LUT3=2 LUT5=2 RAMB36E1=1)
  Clock Path Skew:        -0.092ns (DCD - SCD + CPR)
    Destination Clock Delay (DCD):    -1.558ns = ( 11.910 - 13.468 ) 
    Source Clock Delay      (SCD):    -0.992ns
    Clock Pessimism Removal (CPR):    0.474ns
  Clock Uncertainty:      0.168ns  ((TSJ^2 + DJ^2)^1/2) / 2 + PE
    Total System Jitter     (TSJ):    0.071ns
    Discrete Jitter          (DJ):    0.329ns
    Phase Error              (PE):    0.000ns

    Location             Delay type                Incr(ns)  Path(ns)    Netlist Resource(s)
  -------------------------------------------------------------------    -------------------
                         (clock clk_pixel_clk_wiz_0 rise edge)
                                                      0.000     0.000 r  
    N15                                               0.000     0.000 r  clk_100mhz (IN)
                         net (fo=0)                   0.000     0.000    mhdmicw/clk_100mhz
    N15                  IBUF (Prop_ibuf_I_O)         1.440     1.440 r  mhdmicw/clkin1_ibufg/O
                         net (fo=1, estimated)        1.233     2.673    mhdmicw/clk_ref_clk_wiz_0
    MMCME2_ADV_X0Y0      MMCME2_ADV (Prop_mmcme2_adv_CLKIN1_CLKOUT0)
                                                     -7.025    -4.352 r  mhdmicw/mmcm_adv_inst/CLKOUT0
                         net (fo=1, estimated)        1.666    -2.686    mhdmicw/clk_pixel_clk_wiz_0
    BUFGCTRL_X0Y0        BUFG (Prop_bufg_I_O)         0.096    -2.590 r  mhdmicw/clkout1_buf/O
                         net (fo=138, estimated)      1.597    -0.992    frame_buffer_testing_module/framebuffer_1/clk_pixel
    RAMB36_X0Y18         RAMB36E1                                     r  frame_buffer_testing_module/framebuffer_1/BRAM_reg_0_5/CLKARDCLK
  -------------------------------------------------------------------    -------------------
    RAMB36_X0Y18         RAMB36E1 (Prop_ramb36e1_CLKARDCLK_CASCADEOUTA)
                                                      1.028     0.036 r  frame_buffer_testing_module/framebuffer_1/BRAM_reg_0_5/CASCADEOUTA
                         net (fo=1, estimated)        0.065     0.101    frame_buffer_testing_module/framebuffer_1/BRAM_reg_0_5_n_1
    RAMB36_X0Y19         RAMB36E1 (Prop_ramb36e1_CASCADEINA_DOADO[0])
                                                      0.425     0.526 r  frame_buffer_testing_module/framebuffer_1/BRAM_reg_1_5/DOADO[0]
                         net (fo=5, estimated)        2.996     3.522    frame_buffer_testing_module/framebuffer_1/ram_data[4]
    SLICE_X12Y43         LUT3 (Prop_lut3_I0_O)        0.152     3.674 r  frame_buffer_testing_module/framebuffer_1/num_ones_reg[2]_i_13/O
                         net (fo=2, estimated)        0.622     4.296    frame_buffer_testing_module/framebuffer_1/num_ones_reg[2]_i_13_n_1
    SLICE_X12Y43         LUT5 (Prop_lut5_I1_O)        0.340     4.636 f  frame_buffer_testing_module/framebuffer_1/num_ones_reg[2]_i_10/O
                         net (fo=3, estimated)        0.634     5.270    frame_buffer_testing_module/framebuffer_2/tmds_out_reg[8]
    SLICE_X12Y43         LUT5 (Prop_lut5_I3_O)        0.328     5.598 f  frame_buffer_testing_module/framebuffer_2/num_ones_reg[2]_i_2/O
                         net (fo=21, estimated)       0.885     6.483    tmds_green/tally_reg[2]_1
    SLICE_X8Y35          LUT3 (Prop_lut3_I2_O)        0.117     6.600 r  tmds_green/tmds_out[9]_i_2__0/O
                         net (fo=6, estimated)        1.096     7.696    mvg/tmds_out_reg[9]
    SLICE_X4Y23          LUT2 (Prop_lut2_I1_O)        0.331     8.027 r  mvg/tmds_out[9]_i_1__0/O
                         net (fo=1, routed)           0.000     8.027    tmds_green/tmds_out_reg[9]_0[8]
    SLICE_X4Y23          FDRE                                         r  tmds_green/tmds_out_reg[9]/D
  -------------------------------------------------------------------    -------------------

                         (clock clk_pixel_clk_wiz_0 rise edge)
                                                     13.468    13.468 r  
    N15                                               0.000    13.468 r  clk_100mhz (IN)
                         net (fo=0)                   0.000    13.468    mhdmicw/clk_100mhz
    N15                  IBUF (Prop_ibuf_I_O)         1.370    14.838 r  mhdmicw/clkin1_ibufg/O
                         net (fo=1, estimated)        1.171    16.010    mhdmicw/clk_ref_clk_wiz_0
    MMCME2_ADV_X0Y0      MMCME2_ADV (Prop_mmcme2_adv_CLKIN1_CLKOUT0)
                                                     -7.279     8.731 r  mhdmicw/mmcm_adv_inst/CLKOUT0
                         net (fo=1, estimated)        1.583    10.314    mhdmicw/clk_pixel_clk_wiz_0
    BUFGCTRL_X0Y0        BUFG (Prop_bufg_I_O)         0.091    10.405 r  mhdmicw/clkout1_buf/O
                         net (fo=138, estimated)      1.505    11.910    tmds_green/clk_pixel
    SLICE_X4Y23          FDRE                                         r  tmds_green/tmds_out_reg[9]/C
                         clock pessimism              0.474    12.383    
                         clock uncertainty           -0.168    12.215    
    SLICE_X4Y23          FDRE (Setup_fdre_C_D)        0.029    12.244    tmds_green/tmds_out_reg[9]
  -------------------------------------------------------------------
                         required time                         12.244    
                         arrival time                          -8.027    
  -------------------------------------------------------------------
                         slack                                  4.217    




